{"/Users/n/code/learn-coveralls/code.js":{"path":"/Users/n/code/learn-coveralls/code.js","s":{"1":1,"2":1,"3":1,"4":4,"5":4,"6":48,"7":48,"8":12,"9":12,"10":14,"11":14,"12":4,"13":1},"b":{"1":[12,36]},"f":{"1":4},"fnMap":{"1":{"name":"(anonymous_1)","line":10,"loc":{"start":{"line":10,"column":14},"end":{"line":10,"column":48}}}},"statementMap":{"1":{"start":{"line":1,"column":0},"end":{"line":1,"column":11}},"2":{"start":{"line":2,"column":0},"end":{"line":2,"column":65}},"3":{"start":{"line":10,"column":0},"end":{"line":36,"column":2}},"4":{"start":{"line":16,"column":4},"end":{"line":17,"column":44}},"5":{"start":{"line":21,"column":4},"end":{"line":33,"column":5}},"6":{"start":{"line":22,"column":8},"end":{"line":22,"column":30}},"7":{"start":{"line":24,"column":8},"end":{"line":32,"column":9}},"8":{"start":{"line":25,"column":12},"end":{"line":25,"column":51}},"9":{"start":{"line":28,"column":12},"end":{"line":31,"column":13}},"10":{"start":{"line":29,"column":16},"end":{"line":29,"column":34}},"11":{"start":{"line":30,"column":16},"end":{"line":30,"column":45}},"12":{"start":{"line":35,"column":4},"end":{"line":35,"column":18}},"13":{"start":{"line":38,"column":0},"end":{"line":38,"column":19}}},"branchMap":{"1":{"line":24,"type":"if","locations":[{"start":{"line":24,"column":8},"end":{"line":24,"column":8}},{"start":{"line":24,"column":8},"end":{"line":24,"column":8}}]}}}}